  9735.cpp
C:\Users\sendo\OneDrive - 경희대학교\programming\c++\baekjoon\9735.cpp(17,15): warning C4244: 'return': 'll'에서 'ld'(으)로 변환하면서 데이터가 손실될 수 있습니다.
C:\Users\sendo\OneDrive - 경희대학교\programming\c++\baekjoon\9735.cpp(43,30): warning C4244: '인수': 'll'에서 'long double'(으)로 변환하면서 데이터가 손실될 수 있습니다.
C:\Users\sendo\OneDrive - 경희대학교\programming\c++\baekjoon\9735.cpp(55,19): warning C4244: '인수': 'll'에서 'const _Ty'(으)로 변환하면서 데이터가 손실될 수 있습니다.
          with
          [
              _Ty=ld
          ]
C:\Users\sendo\OneDrive - 경희대학교\programming\c++\baekjoon\9735.cpp(60,19): warning C4244: '인수': 'll'에서 '_Ty'(으)로 변환하면서 데이터가 손실될 수 있습니다.
          with
          [
              _Ty=ld
          ]
C:\Users\sendo\OneDrive - 경희대학교\programming\c++\baekjoon\9735.cpp(70,76): warning C4244: '인수': '_Ty'에서 'll'(으)로 변환하면서 데이터가 손실될 수 있습니다.
          with
          [
              _Ty=ld
          ]
C:\Users\sendo\OneDrive - 경희대학교\programming\c++\baekjoon\9735.cpp(70,38): warning C4244: '인수': '_Ty'에서 'll'(으)로 변환하면서 데이터가 손실될 수 있습니다.
          with
          [
              _Ty=ld
          ]
  코드를 생성하고 있습니다.
  2 of 186 functions ( 1.1%) were compiled, the rest were copied from previous compilation.
    0 functions were new in current compilation
    0 functions had inline decision re-evaluated but remain unchanged
  코드를 생성했습니다.
  c++ practice.vcxproj -> C:\Users\sendo\OneDrive - 경희대학교\programming\c++\baekjoon\x64\Release\c++ practice.exe
